[khoahoc.28tech.com.vn/index.html]
[backblue.gif]
[fade.gif]
[index.html]
[cdn.28tech.com.vn/media/logo/logo.png]
[cdn.28tech.com.vn/media/logo/favicon.png]
[khoahoc.28tech.com.vn/templates/khoahoc01/assets/css/variable.css]
[khoahoc.28tech.com.vn/templates/khoahoc01/assets/css/fonts.css]
[khoahoc.28tech.com.vn/templates/khoahoc01/assets/lib/bootstrap/bootstrap.min.css]
[khoahoc.28tech.com.vn/templates/khoahoc01/assets/lib/bootstrap-datepicker/bootstrap-datepicker.min.css]
[khoahoc.28tech.com.vn/templates/khoahoc01/assets/lib/iconsax.css]
[khoahoc.28tech.com.vn/templates/khoahoc01/assets/lib/slick.css]
[khoahoc.28tech.com.vn/templates/khoahoc01/assets/lib/bootstrap-select/bootstrap-select.css]
[khoahoc.28tech.com.vn/templates/khoahoc01/assets/lib/sweetalert2/sweetalert2.css]
[khoahoc.28tech.com.vn/templates/khoahoc01/assets/lib/lightgallery.css]
[khoahoc.28tech.com.vn/templates/khoahoc01/assets/lib/jquery-ui/jquery-ui.min.css]
[khoahoc.28tech.com.vn/templates/khoahoc01/assets/css/catalogue.css]
[khoahoc.28tech.com.vn/templates/khoahoc01/assets/css/order.css]
[khoahoc.28tech.com.vn/templates/khoahoc01/assets/css/compare.css]
[khoahoc.28tech.com.vn/templates/khoahoc01/assets/css/member.css]
[khoahoc.28tech.com.vn/templates/khoahoc01/assets/css/comment-rating.css]
[khoahoc.28tech.com.vn/templates/khoahoc01/assets/css/utilities.css]
[khoahoc.28tech.com.vn/templates/khoahoc01/assets/css/educrat-vendors.css]
[khoahoc.28tech.com.vn/templates/khoahoc01/assets/css/educrat-main.css]
[khoahoc.28tech.com.vn/templates/khoahoc01/assets/css/page.css]
[khoahoc.28tech.com.vn/templates/khoahoc01/assets/css/custom-2.css]
[cdnjs.cloudflare.com/ajax/libs/font-awesome/5.15.4/css/all.min.css]
[khoahoc.28tech.com.vn/khoa-hoc-online.html]
[khoahoc.28tech.com.vn/ve-chung-toi.html]
[khoahoc.28tech.com.vn/blog.html]
[khoahoc.28tech.com.vn/lien-he.html]
[cdn.28tech.com.vn/media/core/bg.png]
[khoahoc.28tech.com.vn/hoc-lap-trinh-c-qua-170-bai-giang-320-bai-tap-coding-hackerrank-va-200-cau-trac-nghiem.html]
[khoahoc.28tech.com.vn/member/register.html]
[cdn.28tech.com.vn/media/video_khoa_lap_trinh_c/image/asset 2.png]
[cdn.28tech.com.vn/media/video_khoa_lap_trinh_c/image/asset 3.png]
[cdn.28tech.com.vn/media/video_khoa_lap_trinh_c/image/asset 4.png]
[khoahoc.28tech.com.vn/hoc-lap-trinh-cc-tu-a-z]
[khoahoc.28tech.com.vn/cac-trang-thong-tin-cua-28tech.html]
[khoahoc.28tech.com.vn/dieu-khoan-dich-vu.html]
[khoahoc.28tech.com.vn/chinh-sach-bao-mat.html]
[khoahoc.28tech.com.vn/huong-dan-thanh-toan.html]
[khoahoc.28tech.com.vn/dang-ky-giang-vien.html]
[khoahoc.28tech.com.vn/cau-hoi-thuong-gap.html]
[khoahoc.28tech.com.vn/member/forgot-password.html]
[khoahoc.28tech.com.vn/templates/khoahoc01/assets/js/constants.js]
[khoahoc.28tech.com.vn/templates/khoahoc01/assets/js/locales/vi.js]
[khoahoc.28tech.com.vn/templates/khoahoc01/assets/lib/jquery/jquery-3.5.1.min.js]
[khoahoc.28tech.com.vn/templates/khoahoc01/assets/lib/jquery-lazy/jquery.lazy.min.js]
[khoahoc.28tech.com.vn/templates/khoahoc01/assets/lib/jquery-lazy/jquery.lazy.plugins.min.js]
[khoahoc.28tech.com.vn/templates/khoahoc01/assets/js/lazy.js]
[khoahoc.28tech.com.vn/templates/khoahoc01/assets/lib/jquery/jquery.validate.min.js]
[khoahoc.28tech.com.vn/templates/khoahoc01/assets/lib/jquery/jquery.cookie.js]
[khoahoc.28tech.com.vn/templates/khoahoc01/assets/lib/bootstrap/bootstrap.bundle.min.js]
[khoahoc.28tech.com.vn/templates/khoahoc01/assets/lib/bootstrap-select/bootstrap-select.min.js]
[khoahoc.28tech.com.vn/templates/khoahoc01/assets/lib/bootstrap-datepicker/bootstrap-datepicker.min.js]
[khoahoc.28tech.com.vn/templates/khoahoc01/assets/lib/bootstrap-datepicker/locales/vi.js]
[khoahoc.28tech.com.vn/templates/khoahoc01/assets/lib/slick.min.js]
[khoahoc.28tech.com.vn/templates/khoahoc01/assets/lib/lightgallery-all.min.js]
[khoahoc.28tech.com.vn/templates/khoahoc01/assets/lib/jquery-ui/jquery-ui.min.js]
[khoahoc.28tech.com.vn/templates/khoahoc01/assets/lib/sweetalert2/sweetalert2.min.js]
[khoahoc.28tech.com.vn/templates/khoahoc01/assets/lib/tocbot/tocbot.min.js]
[khoahoc.28tech.com.vn/templates/khoahoc01/assets/lib/inputmask/jquery.inputmask.min.js]
[khoahoc.28tech.com.vn/templates/khoahoc01/assets/js/educrat-vendors.js]
[khoahoc.28tech.com.vn/templates/khoahoc01/assets/js/educrat-main.js]
[khoahoc.28tech.com.vn/templates/khoahoc01/assets/js/main.js]
[khoahoc.28tech.com.vn/templates/khoahoc01/assets/js/menu.js]
[khoahoc.28tech.com.vn/templates/khoahoc01/assets/js/search.js]
[khoahoc.28tech.com.vn/templates/khoahoc01/assets/js/catalogue.js]
[khoahoc.28tech.com.vn/templates/khoahoc01/assets/js/product.js]
[khoahoc.28tech.com.vn/templates/khoahoc01/assets/js/order.js]
[khoahoc.28tech.com.vn/templates/khoahoc01/assets/js/wishlist.js]
[khoahoc.28tech.com.vn/templates/khoahoc01/assets/js/compare.js]
[khoahoc.28tech.com.vn/templates/khoahoc01/assets/js/member.js]
[khoahoc.28tech.com.vn/templates/khoahoc01/assets/js/contact.js]
[khoahoc.28tech.com.vn/templates/khoahoc01/assets/js/comment.js]
[khoahoc.28tech.com.vn/templates/khoahoc01/assets/js/custom95ea.js]
[khoahoc.28tech.com.vn/templates/khoahoc01/assets/js/custom-2.js]
[khoahoc.28tech.com.vn/index.html]
[khoahoc.28tech.com.vn/templates/khoahoc01/assets/css/variable.css]
[khoahoc.28tech.com.vn/templates/khoahoc01/assets/fonts/Roboto-Regular.woff2]
[khoahoc.28tech.com.vn/templates/khoahoc01/assets/fonts/Roboto-Medium.woff2]
[khoahoc.28tech.com.vn/templates/khoahoc01/assets/fonts/Roboto-Bold.woff2]
[khoahoc.28tech.com.vn/templates/khoahoc01/assets/fonts/iconsax92de.woff2]
[khoahoc.28tech.com.vn/templates/khoahoc01/assets/css/fonts.css]
[khoahoc.28tech.com.vn/templates/khoahoc01/assets/lib/bootstrap/bootstrap.min.css]
[khoahoc.28tech.com.vn/templates/khoahoc01/assets/lib/bootstrap-datepicker/bootstrap-datepicker.min.css]
[khoahoc.28tech.com.vn/templates/khoahoc01/assets/lib/iconsax.css]
[khoahoc.28tech.com.vn/templates/khoahoc01/assets/lib/slick.css]
[khoahoc.28tech.com.vn/templates/khoahoc01/assets/lib/bootstrap-select/bootstrap-select.css]
[khoahoc.28tech.com.vn/templates/khoahoc01/assets/lib/sweetalert2/sweetalert2.css]
[khoahoc.28tech.com.vn/templates/khoahoc01/assets/fonts/lg8306.ttf]
[khoahoc.28tech.com.vn/templates/khoahoc01/assets/fonts/lg8306.woff]
[khoahoc.28tech.com.vn/templates/khoahoc01/assets/fonts/lg8306.svg]
[khoahoc.28tech.com.vn/templates/khoahoc01/assets/img/vimeo-play.png]
[khoahoc.28tech.com.vn/templates/khoahoc01/assets/img/video-play.png]
[khoahoc.28tech.com.vn/templates/khoahoc01/assets/img/youtube-play.png]
[khoahoc.28tech.com.vn/templates/khoahoc01/assets/img/loading.gif]
[khoahoc.28tech.com.vn/templates/khoahoc01/assets/lib/lightgallery.css]
[khoahoc.28tech.com.vn/templates/khoahoc01/assets/lib/jquery-ui/images/ui-icons_444444_256x240.png]
[khoahoc.28tech.com.vn/templates/khoahoc01/assets/lib/jquery-ui/images/ui-icons_555555_256x240.png]
[khoahoc.28tech.com.vn/templates/khoahoc01/assets/lib/jquery-ui/images/ui-icons_ffffff_256x240.png]
[khoahoc.28tech.com.vn/templates/khoahoc01/assets/lib/jquery-ui/images/ui-icons_777620_256x240.png]
[khoahoc.28tech.com.vn/templates/khoahoc01/assets/lib/jquery-ui/images/ui-icons_cc0000_256x240.png]
[khoahoc.28tech.com.vn/templates/khoahoc01/assets/lib/jquery-ui/images/ui-icons_777777_256x240.png]
[khoahoc.28tech.com.vn/templates/khoahoc01/assets/lib/jquery-ui/jquery-ui.min.css]
[khoahoc.28tech.com.vn/templates/khoahoc01/assets/css/catalogue.css]
[khoahoc.28tech.com.vn/templates/khoahoc01/assets/css/order.css]
[khoahoc.28tech.com.vn/templates/khoahoc01/assets/css/compare.css]
[khoahoc.28tech.com.vn/templates/khoahoc01/assets/css/member.css]
[khoahoc.28tech.com.vn/templates/khoahoc01/assets/css/comment-rating.css]
[khoahoc.28tech.com.vn/templates/khoahoc01/assets/img/shopping-basket.svg]
[khoahoc.28tech.com.vn/templates/khoahoc01/assets/css/utilities.css]
[khoahoc.28tech.com.vn/templates/khoahoc01/assets/css/educrat-vendors.css]
[khoahoc.28tech.com.vn/templates/khoahoc01/assets/css/educrat-main.css]
[khoahoc.28tech.com.vn/templates/khoahoc01/assets/img/video-player.svg]
[khoahoc.28tech.com.vn/templates/khoahoc01/assets/img/youtube-logo.svg]
[khoahoc.28tech.com.vn/templates/khoahoc01/assets/img/3d.svg]
[khoahoc.28tech.com.vn/templates/khoahoc01/assets/img/full-screen.svg]
[khoahoc.28tech.com.vn/templates/khoahoc01/assets/css/page.css]
[khoahoc.28tech.com.vn/templates/khoahoc01/assets/css/custom-2.css]
[cdnjs.cloudflare.com/ajax/libs/font-awesome/5.15.4/css/all.min.css]
[khoahoc.28tech.com.vn/khoa-hoc-online.html]
[khoahoc.28tech.com.vn/ve-chung-toi.html]
[khoahoc.28tech.com.vn/blog.html]
[khoahoc.28tech.com.vn/lien-he.html]
[khoahoc.28tech.com.vn/lap-trinh-python-tu-co-ban-toi-nang-cao-qua-120-video-va-300-bai-tap-hackerrank.html]
[cdn.28tech.com.vn/media/video_khoa_lap_trinh_c/image/50aadc4748bc97e2cead.jpg]
[i.ytimg.com/vi/237q_8H7YI0/hqdefault.jpg]
[khoahoc.28tech.com.vn/tag/lap-trinh-c.html]
[khoahoc.28tech.com.vn/hoc-lap-trinh-c-qua-170-bai-giang-320-bai-tap-coding-hackerrank-va-200-cau-trac-nghiem.html]
[khoahoc.28tech.com.vn/tag/khoa-hoc-c.html]
[khoahoc.28tech.com.vn/member/register.html]
[khoahoc.28tech.com.vn/hoc-lap-trinh-cc-tu-a-z.html]
[khoahoc.28tech.com.vn/member/login.html]
[cdn.28tech.com.vn/media/anh-demo/blog-1.png]
[khoahoc.28tech.com.vn/cac-trang-thong-tin-cua-28tech.html]
[khoahoc.28tech.com.vn/dieu-khoan-dich-vu.html]
[khoahoc.28tech.com.vn/chinh-sach-bao-mat.html]
[khoahoc.28tech.com.vn/huong-dan-thanh-toan.html]
[khoahoc.28tech.com.vn/dang-ky-giang-vien.html]
[khoahoc.28tech.com.vn/cau-hoi-thuong-gap.html]
[khoahoc.28tech.com.vn/member/forgot-password.html]
[khoahoc.28tech.com.vn/templates/khoahoc01/assets/fonts/lg8306.svg]
[khoahoc.28tech.com.vn/templates/khoahoc01/assets/img/shopping-basket.svg]
[khoahoc.28tech.com.vn/templates/fashion04/assets/media/template/combined-shape.html]
[khoahoc.28tech.com.vn/templates/khoahoc01/assets/img/video-player.svg]
[khoahoc.28tech.com.vn/templates/khoahoc01/assets/img/youtube-logo.svg]
[khoahoc.28tech.com.vn/templates/khoahoc01/assets/img/3d.svg]
[khoahoc.28tech.com.vn/templates/khoahoc01/assets/img/full-screen.svg]
[khoahoc.28tech.com.vn/gioi-thieu.html]
[cdn.28tech.com.vn/media/logo/79f8cc3e-dbb3-48a9-a021-7f09e6df6704.png]
[i.ytimg.com/vi/c2sorFXCLU4/hqdefault.jpg]
[khoahoc.28tech.com.vn/lap-trinh-python-tu-co-ban-toi-nang-cao-qua-120-video-va-300-bai-tap-hackerrank.html]
[khoahoc.28tech.com.vn/lap-trinh-c]
[khoahoc.28tech.com.vn/tag/lap-trinh-c.html]
[khoahoc.28tech.com.vn/khoa-hoc-c]
[khoahoc.28tech.com.vn/tag/khoa-hoc-c.html]
[khoahoc.28tech.com.vn/member/login.html]
[khoahoc.28tech.com.vn/gioi-thieu.html]
[khoahoc.28tech.com.vn/lap-trinh-c.html]
[khoahoc.28tech.com.vn/khoa-hoc-c.html]
